0 info it worked if it ends with ok
1 verbose cli [ 'C:\\Program Files\\nodejs\\node.exe',
1 verbose cli   'C:\\Program Files\\nodejs\\node_modules\\npm\\bin\\npm-cli.js',
1 verbose cli   'run',
1 verbose cli   'dev' ]
2 info using npm@3.10.10
3 info using node@v6.11.0
4 verbose run-script [ 'predev', 'dev', 'postdev' ]
5 info lifecycle bittersweet.io-2.0.0@2.0.0~predev: bittersweet.io-2.0.0@2.0.0
6 silly lifecycle bittersweet.io-2.0.0@2.0.0~predev: no script for predev, continuing
7 info lifecycle bittersweet.io-2.0.0@2.0.0~dev: bittersweet.io-2.0.0@2.0.0
8 verbose lifecycle bittersweet.io-2.0.0@2.0.0~dev: unsafe-perm in lifecycle true
9 verbose lifecycle bittersweet.io-2.0.0@2.0.0~dev: PATH: C:\Program Files\nodejs\node_modules\npm\bin\node-gyp-bin;C:\Users\Camilo\Desktop\GitHub\BitterSweet.io-2.0.0\node_modules\.bin;C:\ProgramData\Oracle\Java\javapath;C:\Program Files (x86)\NVIDIA Corporation\PhysX\Common;C:\WINDOWS\system32;C:\WINDOWS;C:\WINDOWS\System32\Wbem;C:\WINDOWS\System32\WindowsPowerShell\v1.0\;C:\Program Files\nodejs\;C:\Program Files (x86)\Windows Kits\8.1\Windows Performance Toolkit\;C:\Program Files\Git\cmd;;C:\Program Files (x86)\Microsoft VS Code\bin;C:\Users\Camilo\AppData\Roaming\npm;C:\Users\Camilo\AppData\Local\now-cli;C:\Users\Camilo\AppData\Local\Microsoft\WindowsApps;C:\Program Files\Heroku\bin
10 verbose lifecycle bittersweet.io-2.0.0@2.0.0~dev: CWD: C:\Users\Camilo\Desktop\GitHub\BitterSweet.io-2.0.0
11 silly lifecycle bittersweet.io-2.0.0@2.0.0~dev: Args: [ '/d /s /c', 'node server.js' ]
12 silly lifecycle bittersweet.io-2.0.0@2.0.0~dev: Returned: code: 1  signal: null
13 info lifecycle bittersweet.io-2.0.0@2.0.0~dev: Failed to exec dev script
14 verbose stack Error: bittersweet.io-2.0.0@2.0.0 dev: `node server.js`
14 verbose stack Exit status 1
14 verbose stack     at EventEmitter.<anonymous> (C:\Program Files\nodejs\node_modules\npm\lib\utils\lifecycle.js:255:16)
14 verbose stack     at emitTwo (events.js:106:13)
14 verbose stack     at EventEmitter.emit (events.js:191:7)
14 verbose stack     at ChildProcess.<anonymous> (C:\Program Files\nodejs\node_modules\npm\lib\utils\spawn.js:40:14)
14 verbose stack     at emitTwo (events.js:106:13)
14 verbose stack     at ChildProcess.emit (events.js:191:7)
14 verbose stack     at maybeClose (internal/child_process.js:891:16)
14 verbose stack     at Process.ChildProcess._handle.onexit (internal/child_process.js:226:5)
15 verbose pkgid bittersweet.io-2.0.0@2.0.0
16 verbose cwd C:\Users\Camilo\Desktop\GitHub\BitterSweet.io-2.0.0
17 error Windows_NT 10.0.15063
18 error argv "C:\\Program Files\\nodejs\\node.exe" "C:\\Program Files\\nodejs\\node_modules\\npm\\bin\\npm-cli.js" "run" "dev"
19 error node v6.11.0
20 error npm  v3.10.10
21 error code ELIFECYCLE
22 error bittersweet.io-2.0.0@2.0.0 dev: `node server.js`
22 error Exit status 1
23 error Failed at the bittersweet.io-2.0.0@2.0.0 dev script 'node server.js'.
23 error Make sure you have the latest version of node.js and npm installed.
23 error If you do, this is most likely a problem with the bittersweet.io-2.0.0 package,
23 error not with npm itself.
23 error Tell the author that this fails on your system:
23 error     node server.js
23 error You can get information on how to open an issue for this project with:
23 error     npm bugs bittersweet.io-2.0.0
23 error Or if that isn't available, you can get their info via:
23 error     npm owner ls bittersweet.io-2.0.0
23 error There is likely additional logging output above.
24 verbose exit [ 1, true ]
